<?xml version="1.0" encoding="UTF-8"?>
<!-- Generated by org.testng.reporters.JUnitReportReporter -->
<testsuite skipped="0" hostname="DESKTOP-85OHJUG" name="com.qa.hubspot.tests.LoginPageTest" tests="3" failures="0" timestamp="18 May 2020 09:43:50 GMT" time="9.921" errors="0">
  <testcase name="verifyLoginPageTitleTest" time="5.543" classname="com.qa.hubspot.tests.LoginPageTest"/>
  <testcase name="verifySignUpLinkTest" time="0.096" classname="com.qa.hubspot.tests.LoginPageTest"/>
  <testcase name="loginTest" time="4.282" classname="com.qa.hubspot.tests.LoginPageTest"/>
</testsuite> <!-- com.qa.hubspot.tests.LoginPageTest -->
